<?xml version="1.0" encoding="UTF-8"?>
<!-- Generated by org.testng.reporters.JUnitReportReporter -->
<testsuite skipped="0" hostname="LAPTOP-OHFHP3OK" name="com.qa.testCases.HomePageTest" tests="3" failures="0" timestamp="2021-03-01T10:31:09 MST" time="55.731" errors="0">
  <testcase name="addNewContentWithEmailIdTest" time="20.014" classname="com.qa.testCases.HomePageTest"/>
  <testcase name="helpTest" time="12.472" classname="com.qa.testCases.HomePageTest"/>
  <testcase name="clickOnPDFInAddContentTest" time="23.245" classname="com.qa.testCases.HomePageTest"/>
</testsuite> <!-- com.qa.testCases.HomePageTest -->
