<?xml version="1.0" encoding="UTF-8"?>
<!-- Generated by org.testng.reporters.JUnitReportReporter -->
<testsuite skipped="0" hostname="LAPTOP-OHFHP3OK" name="com.qa.testCases.newtest" tests="1" failures="0" timestamp="2021-03-21T11:50:41 MDT" time="0.013" errors="0">
  <testcase name="test1" time="0.013" classname="com.qa.testCases.newtest"/>
</testsuite> <!-- com.qa.testCases.newtest -->
